[2025-08-09T17:44:08.711+0000] {local_task_job_runner.py:120} INFO - ::group::Pre task execution logs
[2025-08-09T17:44:08.743+0000] {taskinstance.py:2073} INFO - Dependencies all met for dep_context=non-requeueable deps ti=<TaskInstance: reddit_finance_dag.fetch_reddit_posts manual__2025-08-09T17:44:07.036878+00:00 [queued]>
[2025-08-09T17:44:08.754+0000] {taskinstance.py:2073} INFO - Dependencies all met for dep_context=requeueable deps ti=<TaskInstance: reddit_finance_dag.fetch_reddit_posts manual__2025-08-09T17:44:07.036878+00:00 [queued]>
[2025-08-09T17:44:08.755+0000] {taskinstance.py:2303} INFO - Starting attempt 1 of 2
[2025-08-09T17:44:08.773+0000] {taskinstance.py:2327} INFO - Executing <Task(PythonOperator): fetch_reddit_posts> on 2025-08-09 17:44:07.036878+00:00
[2025-08-09T17:44:08.782+0000] {standard_task_runner.py:63} INFO - Started process 68 to run task
[2025-08-09T17:44:08.786+0000] {standard_task_runner.py:90} INFO - Running: ['***', 'tasks', 'run', 'reddit_finance_dag', 'fetch_reddit_posts', 'manual__2025-08-09T17:44:07.036878+00:00', '--job-id', '25', '--raw', '--subdir', 'DAGS_FOLDER/reddit_finance_dag.py', '--cfg-path', '/tmp/tmptjeveavq']
[2025-08-09T17:44:08.794+0000] {standard_task_runner.py:91} INFO - Job 25: Subtask fetch_reddit_posts
[2025-08-09T17:44:08.813+0000] {warnings.py:109} WARNING - /home/***/.local/lib/python3.10/site-packages/***/settings.py:195: DeprecationWarning: The sql_alchemy_conn option in [core] has been moved to the sql_alchemy_conn option in [database] - the old setting has been used, but please update your config.
  SQL_ALCHEMY_CONN = conf.get("database", "SQL_ALCHEMY_CONN")

[2025-08-09T17:44:08.847+0000] {task_command.py:426} INFO - Running <TaskInstance: reddit_finance_dag.fetch_reddit_posts manual__2025-08-09T17:44:07.036878+00:00 [running]> on host d811736c0160
[2025-08-09T17:44:08.919+0000] {taskinstance.py:2644} INFO - Exporting env vars: AIRFLOW_CTX_DAG_OWNER='***' AIRFLOW_CTX_DAG_ID='reddit_finance_dag' AIRFLOW_CTX_TASK_ID='fetch_reddit_posts' AIRFLOW_CTX_EXECUTION_DATE='2025-08-09T17:44:07.036878+00:00' AIRFLOW_CTX_TRY_NUMBER='1' AIRFLOW_CTX_DAG_RUN_ID='manual__2025-08-09T17:44:07.036878+00:00'
[2025-08-09T17:44:08.920+0000] {taskinstance.py:430} INFO - ::endgroup::
[2025-08-09T17:44:08.931+0000] {taskinstance.py:441} INFO - ::group::Post task execution logs
[2025-08-09T17:44:08.932+0000] {taskinstance.py:2890} ERROR - Task failed with exception
Traceback (most recent call last):
  File "/home/airflow/.local/lib/python3.10/site-packages/airflow/models/taskinstance.py", line 465, in _execute_task
    result = _execute_callable(context=context, **execute_callable_kwargs)
  File "/home/airflow/.local/lib/python3.10/site-packages/airflow/models/taskinstance.py", line 432, in _execute_callable
    return execute_callable(context=context, **execute_callable_kwargs)
  File "/home/airflow/.local/lib/python3.10/site-packages/airflow/models/baseoperator.py", line 400, in wrapper
    return func(self, *args, **kwargs)
  File "/home/airflow/.local/lib/python3.10/site-packages/airflow/operators/python.py", line 235, in execute
    return_value = self.execute_callable()
  File "/home/airflow/.local/lib/python3.10/site-packages/airflow/operators/python.py", line 252, in execute_callable
    return self.python_callable(*self.op_args, **self.op_kwargs)
  File "/opt/airflow/dags/reddit_finance_dag.py", line 27, in fetch_reddit_posts
    reddit = praw.Reddit(
  File "/home/airflow/.local/lib/python3.10/site-packages/praw/util/deprecate_args.py", line 46, in wrapped
    return func(**dict(zip(_old_args, args)), **kwargs)
  File "/home/airflow/.local/lib/python3.10/site-packages/praw/reddit.py", line 259, in __init__
    raise MissingRequiredAttributeException(
praw.exceptions.MissingRequiredAttributeException: Required configuration setting 'client_id' missing. 
This setting can be provided in a praw.ini file, as a keyword argument to the Reddit class constructor, or as an environment variable.
[2025-08-09T17:44:08.950+0000] {taskinstance.py:1205} INFO - Marking task as UP_FOR_RETRY. dag_id=reddit_finance_dag, task_id=fetch_reddit_posts, execution_date=20250809T174407, start_date=20250809T174408, end_date=20250809T174408
[2025-08-09T17:44:08.965+0000] {standard_task_runner.py:110} ERROR - Failed to execute job 25 for task fetch_reddit_posts (Required configuration setting 'client_id' missing. 
This setting can be provided in a praw.ini file, as a keyword argument to the Reddit class constructor, or as an environment variable.; 68)
[2025-08-09T17:44:08.999+0000] {local_task_job_runner.py:240} INFO - Task exited with return code 1
[2025-08-09T17:44:09.032+0000] {taskinstance.py:3482} INFO - 0 downstream tasks scheduled from follow-on schedule check
[2025-08-09T17:44:09.037+0000] {local_task_job_runner.py:222} INFO - ::endgroup::
