[2025-08-10T13:28:11.116+0000] {local_task_job_runner.py:120} INFO - ::group::Pre task execution logs
[2025-08-10T13:28:11.165+0000] {taskinstance.py:2073} INFO - Dependencies all met for dep_context=non-requeueable deps ti=<TaskInstance: etl_fred_yahoo_update.fetch_and_update_historical scheduled__2025-08-09T00:00:00+00:00 [queued]>
[2025-08-10T13:28:11.307+0000] {taskinstance.py:2073} INFO - Dependencies all met for dep_context=requeueable deps ti=<TaskInstance: etl_fred_yahoo_update.fetch_and_update_historical scheduled__2025-08-09T00:00:00+00:00 [queued]>
[2025-08-10T13:28:11.307+0000] {taskinstance.py:2303} INFO - Starting attempt 1 of 2
[2025-08-10T13:28:11.322+0000] {taskinstance.py:2327} INFO - Executing <Task(PythonOperator): fetch_and_update_historical> on 2025-08-09 00:00:00+00:00
[2025-08-10T13:28:11.352+0000] {standard_task_runner.py:63} INFO - Started process 54 to run task
[2025-08-10T13:28:11.393+0000] {standard_task_runner.py:90} INFO - Running: ['***', 'tasks', 'run', 'etl_fred_yahoo_update', 'fetch_and_update_historical', 'scheduled__2025-08-09T00:00:00+00:00', '--job-id', '44', '--raw', '--subdir', 'DAGS_FOLDER/etl_fred_yahoo_update.py', '--cfg-path', '/tmp/tmp6x2xej1h']
[2025-08-10T13:28:11.429+0000] {standard_task_runner.py:91} INFO - Job 44: Subtask fetch_and_update_historical
[2025-08-10T13:28:11.573+0000] {warnings.py:109} WARNING - /home/***/.local/lib/python3.10/site-packages/***/settings.py:195: DeprecationWarning: The sql_alchemy_conn option in [core] has been moved to the sql_alchemy_conn option in [database] - the old setting has been used, but please update your config.
  SQL_ALCHEMY_CONN = conf.get("database", "SQL_ALCHEMY_CONN")

[2025-08-10T13:28:11.816+0000] {task_command.py:426} INFO - Running <TaskInstance: etl_fred_yahoo_update.fetch_and_update_historical scheduled__2025-08-09T00:00:00+00:00 [running]> on host fded90c95865
[2025-08-10T13:28:11.976+0000] {taskinstance.py:2644} INFO - Exporting env vars: AIRFLOW_CTX_DAG_OWNER='***' AIRFLOW_CTX_DAG_ID='etl_fred_yahoo_update' AIRFLOW_CTX_TASK_ID='fetch_and_update_historical' AIRFLOW_CTX_EXECUTION_DATE='2025-08-09T00:00:00+00:00' AIRFLOW_CTX_TRY_NUMBER='1' AIRFLOW_CTX_DAG_RUN_ID='scheduled__2025-08-09T00:00:00+00:00'
[2025-08-10T13:28:11.979+0000] {taskinstance.py:430} INFO - ::endgroup::
[2025-08-10T13:28:12.062+0000] {etl_fred_yahoo_update.py:147} INFO - Starting ETL task for FRED + Yahoo update.
[2025-08-10T13:28:13.705+0000] {warnings.py:109} WARNING - /opt/***/dags/etl_fred_yahoo_update.py:58: UserWarning: Parsing dates in %d-%m-%Y format when dayfirst=False (the default) was specified. Pass `dayfirst=True` or specify a format to silence this warning.
  df = pd.read_csv(io.BytesIO(obj["Body"].read()), parse_dates=[0], index_col=0)

[2025-08-10T13:28:13.765+0000] {etl_fred_yahoo_update.py:158} INFO - Loaded historical CSV from s3://historical-data/historical_data.csv shape=(2496, 35)
[2025-08-10T13:28:13.969+0000] {etl_fred_yahoo_update.py:167} INFO - Fetching new data: 2025-07-11 -> 2025-08-10
[2025-08-10T13:28:37.267+0000] {etl_fred_yahoo_update.py:198} INFO - Wrote updated dataset to s3://historical-data/historical_data.csv shape=(3682, 35)
[2025-08-10T13:28:37.324+0000] {python.py:237} INFO - Done. Returned value was: None
[2025-08-10T13:28:37.332+0000] {taskinstance.py:441} INFO - ::group::Post task execution logs
[2025-08-10T13:28:37.443+0000] {taskinstance.py:1205} INFO - Marking task as SUCCESS. dag_id=etl_fred_yahoo_update, task_id=fetch_and_update_historical, execution_date=20250809T000000, start_date=20250810T132811, end_date=20250810T132837
[2025-08-10T13:28:37.817+0000] {local_task_job_runner.py:240} INFO - Task exited with return code 0
[2025-08-10T13:28:37.984+0000] {taskinstance.py:3482} INFO - 0 downstream tasks scheduled from follow-on schedule check
[2025-08-10T13:28:38.207+0000] {local_task_job_runner.py:222} INFO - ::endgroup::
