[2025-08-08T09:29:18.301+0000] {processor.py:161} INFO - Started process (PID=50) to work on /opt/airflow/dags/twitter_love_dag.py
[2025-08-08T09:29:18.323+0000] {processor.py:830} INFO - Processing file /opt/airflow/dags/twitter_love_dag.py for tasks to queue
[2025-08-08T09:29:18.336+0000] {logging_mixin.py:188} INFO - [2025-08-08T09:29:18.335+0000] {dagbag.py:540} INFO - Filling up the DagBag from /opt/airflow/dags/twitter_love_dag.py
[2025-08-08T09:29:24.866+0000] {logging_mixin.py:188} INFO - [2025-08-08T09:29:24.854+0000] {dagbag.py:350} ERROR - Failed to import: /opt/airflow/dags/twitter_love_dag.py
Traceback (most recent call last):
  File "/home/airflow/.local/lib/python3.10/site-packages/airflow/models/dagbag.py", line 346, in parse
    loader.exec_module(new_module)
  File "<frozen importlib._bootstrap_external>", line 883, in exec_module
  File "<frozen importlib._bootstrap>", line 241, in _call_with_frames_removed
  File "/opt/airflow/dags/twitter_love_dag.py", line 8, in <module>
    from minio import Minio
ModuleNotFoundError: No module named 'minio'
[2025-08-08T09:29:24.871+0000] {processor.py:842} WARNING - No viable dags retrieved from /opt/airflow/dags/twitter_love_dag.py
[2025-08-08T09:29:25.131+0000] {processor.py:183} INFO - Processing /opt/airflow/dags/twitter_love_dag.py took 6.854 seconds
[2025-08-08T09:29:56.060+0000] {processor.py:161} INFO - Started process (PID=54) to work on /opt/airflow/dags/twitter_love_dag.py
[2025-08-08T09:29:56.064+0000] {processor.py:830} INFO - Processing file /opt/airflow/dags/twitter_love_dag.py for tasks to queue
[2025-08-08T09:29:56.067+0000] {logging_mixin.py:188} INFO - [2025-08-08T09:29:56.067+0000] {dagbag.py:540} INFO - Filling up the DagBag from /opt/airflow/dags/twitter_love_dag.py
[2025-08-08T09:29:57.025+0000] {logging_mixin.py:188} INFO - [2025-08-08T09:29:57.010+0000] {dagbag.py:350} ERROR - Failed to import: /opt/airflow/dags/twitter_love_dag.py
Traceback (most recent call last):
  File "/home/airflow/.local/lib/python3.10/site-packages/airflow/models/dagbag.py", line 346, in parse
    loader.exec_module(new_module)
  File "<frozen importlib._bootstrap_external>", line 883, in exec_module
  File "<frozen importlib._bootstrap>", line 241, in _call_with_frames_removed
  File "/opt/airflow/dags/twitter_love_dag.py", line 8, in <module>
    from minio import Minio
ModuleNotFoundError: No module named 'minio'
[2025-08-08T09:29:57.027+0000] {processor.py:842} WARNING - No viable dags retrieved from /opt/airflow/dags/twitter_love_dag.py
[2025-08-08T09:29:57.068+0000] {processor.py:183} INFO - Processing /opt/airflow/dags/twitter_love_dag.py took 1.016 seconds
[2025-08-08T09:30:27.501+0000] {processor.py:161} INFO - Started process (PID=57) to work on /opt/airflow/dags/twitter_love_dag.py
[2025-08-08T09:30:27.505+0000] {processor.py:830} INFO - Processing file /opt/airflow/dags/twitter_love_dag.py for tasks to queue
[2025-08-08T09:30:27.508+0000] {logging_mixin.py:188} INFO - [2025-08-08T09:30:27.508+0000] {dagbag.py:540} INFO - Filling up the DagBag from /opt/airflow/dags/twitter_love_dag.py
[2025-08-08T09:30:28.124+0000] {logging_mixin.py:188} INFO - [2025-08-08T09:30:28.114+0000] {dagbag.py:350} ERROR - Failed to import: /opt/airflow/dags/twitter_love_dag.py
Traceback (most recent call last):
  File "/home/airflow/.local/lib/python3.10/site-packages/airflow/models/dagbag.py", line 346, in parse
    loader.exec_module(new_module)
  File "<frozen importlib._bootstrap_external>", line 883, in exec_module
  File "<frozen importlib._bootstrap>", line 241, in _call_with_frames_removed
  File "/opt/airflow/dags/twitter_love_dag.py", line 8, in <module>
    from minio import Minio
ModuleNotFoundError: No module named 'minio'
[2025-08-08T09:30:28.127+0000] {processor.py:842} WARNING - No viable dags retrieved from /opt/airflow/dags/twitter_love_dag.py
[2025-08-08T09:30:28.181+0000] {processor.py:183} INFO - Processing /opt/airflow/dags/twitter_love_dag.py took 0.689 seconds
[2025-08-08T09:30:58.642+0000] {processor.py:161} INFO - Started process (PID=60) to work on /opt/airflow/dags/twitter_love_dag.py
[2025-08-08T09:30:58.643+0000] {processor.py:830} INFO - Processing file /opt/airflow/dags/twitter_love_dag.py for tasks to queue
[2025-08-08T09:30:58.645+0000] {logging_mixin.py:188} INFO - [2025-08-08T09:30:58.645+0000] {dagbag.py:540} INFO - Filling up the DagBag from /opt/airflow/dags/twitter_love_dag.py
[2025-08-08T09:30:59.640+0000] {logging_mixin.py:188} INFO - [2025-08-08T09:30:59.622+0000] {dagbag.py:350} ERROR - Failed to import: /opt/airflow/dags/twitter_love_dag.py
Traceback (most recent call last):
  File "/home/airflow/.local/lib/python3.10/site-packages/airflow/models/dagbag.py", line 346, in parse
    loader.exec_module(new_module)
  File "<frozen importlib._bootstrap_external>", line 883, in exec_module
  File "<frozen importlib._bootstrap>", line 241, in _call_with_frames_removed
  File "/opt/airflow/dags/twitter_love_dag.py", line 8, in <module>
    from minio import Minio
ModuleNotFoundError: No module named 'minio'
[2025-08-08T09:30:59.645+0000] {processor.py:842} WARNING - No viable dags retrieved from /opt/airflow/dags/twitter_love_dag.py
[2025-08-08T09:30:59.776+0000] {processor.py:183} INFO - Processing /opt/airflow/dags/twitter_love_dag.py took 1.142 seconds
[2025-08-08T09:31:29.874+0000] {processor.py:161} INFO - Started process (PID=63) to work on /opt/airflow/dags/twitter_love_dag.py
[2025-08-08T09:31:29.878+0000] {processor.py:830} INFO - Processing file /opt/airflow/dags/twitter_love_dag.py for tasks to queue
[2025-08-08T09:31:29.884+0000] {logging_mixin.py:188} INFO - [2025-08-08T09:31:29.884+0000] {dagbag.py:540} INFO - Filling up the DagBag from /opt/airflow/dags/twitter_love_dag.py
[2025-08-08T09:31:30.783+0000] {logging_mixin.py:188} INFO - [2025-08-08T09:31:30.770+0000] {dagbag.py:350} ERROR - Failed to import: /opt/airflow/dags/twitter_love_dag.py
Traceback (most recent call last):
  File "/home/airflow/.local/lib/python3.10/site-packages/airflow/models/dagbag.py", line 346, in parse
    loader.exec_module(new_module)
  File "<frozen importlib._bootstrap_external>", line 883, in exec_module
  File "<frozen importlib._bootstrap>", line 241, in _call_with_frames_removed
  File "/opt/airflow/dags/twitter_love_dag.py", line 8, in <module>
    from minio import Minio
ModuleNotFoundError: No module named 'minio'
[2025-08-08T09:31:30.786+0000] {processor.py:842} WARNING - No viable dags retrieved from /opt/airflow/dags/twitter_love_dag.py
[2025-08-08T09:31:30.959+0000] {processor.py:183} INFO - Processing /opt/airflow/dags/twitter_love_dag.py took 1.094 seconds
[2025-08-08T09:32:01.643+0000] {processor.py:161} INFO - Started process (PID=66) to work on /opt/airflow/dags/twitter_love_dag.py
[2025-08-08T09:32:01.646+0000] {processor.py:830} INFO - Processing file /opt/airflow/dags/twitter_love_dag.py for tasks to queue
[2025-08-08T09:32:01.649+0000] {logging_mixin.py:188} INFO - [2025-08-08T09:32:01.648+0000] {dagbag.py:540} INFO - Filling up the DagBag from /opt/airflow/dags/twitter_love_dag.py
[2025-08-08T09:32:02.587+0000] {logging_mixin.py:188} INFO - [2025-08-08T09:32:02.473+0000] {dagbag.py:350} ERROR - Failed to import: /opt/airflow/dags/twitter_love_dag.py
Traceback (most recent call last):
  File "/home/airflow/.local/lib/python3.10/site-packages/airflow/models/dagbag.py", line 346, in parse
    loader.exec_module(new_module)
  File "<frozen importlib._bootstrap_external>", line 883, in exec_module
  File "<frozen importlib._bootstrap>", line 241, in _call_with_frames_removed
  File "/opt/airflow/dags/twitter_love_dag.py", line 8, in <module>
    from minio import Minio
ModuleNotFoundError: No module named 'minio'
[2025-08-08T09:32:02.596+0000] {processor.py:842} WARNING - No viable dags retrieved from /opt/airflow/dags/twitter_love_dag.py
[2025-08-08T09:32:02.826+0000] {processor.py:183} INFO - Processing /opt/airflow/dags/twitter_love_dag.py took 1.191 seconds
[2025-08-08T09:32:33.514+0000] {processor.py:161} INFO - Started process (PID=69) to work on /opt/airflow/dags/twitter_love_dag.py
[2025-08-08T09:32:33.515+0000] {processor.py:830} INFO - Processing file /opt/airflow/dags/twitter_love_dag.py for tasks to queue
[2025-08-08T09:32:33.522+0000] {logging_mixin.py:188} INFO - [2025-08-08T09:32:33.521+0000] {dagbag.py:540} INFO - Filling up the DagBag from /opt/airflow/dags/twitter_love_dag.py
[2025-08-08T09:32:34.101+0000] {logging_mixin.py:188} INFO - [2025-08-08T09:32:34.096+0000] {dagbag.py:350} ERROR - Failed to import: /opt/airflow/dags/twitter_love_dag.py
Traceback (most recent call last):
  File "/home/airflow/.local/lib/python3.10/site-packages/airflow/models/dagbag.py", line 346, in parse
    loader.exec_module(new_module)
  File "<frozen importlib._bootstrap_external>", line 883, in exec_module
  File "<frozen importlib._bootstrap>", line 241, in _call_with_frames_removed
  File "/opt/airflow/dags/twitter_love_dag.py", line 8, in <module>
    from minio import Minio
ModuleNotFoundError: No module named 'minio'
[2025-08-08T09:32:34.103+0000] {processor.py:842} WARNING - No viable dags retrieved from /opt/airflow/dags/twitter_love_dag.py
[2025-08-08T09:32:34.134+0000] {processor.py:183} INFO - Processing /opt/airflow/dags/twitter_love_dag.py took 0.627 seconds
[2025-08-08T09:33:04.314+0000] {processor.py:161} INFO - Started process (PID=72) to work on /opt/airflow/dags/twitter_love_dag.py
[2025-08-08T09:33:04.316+0000] {processor.py:830} INFO - Processing file /opt/airflow/dags/twitter_love_dag.py for tasks to queue
[2025-08-08T09:33:04.320+0000] {logging_mixin.py:188} INFO - [2025-08-08T09:33:04.319+0000] {dagbag.py:540} INFO - Filling up the DagBag from /opt/airflow/dags/twitter_love_dag.py
[2025-08-08T09:33:05.224+0000] {logging_mixin.py:188} INFO - [2025-08-08T09:33:05.214+0000] {dagbag.py:350} ERROR - Failed to import: /opt/airflow/dags/twitter_love_dag.py
Traceback (most recent call last):
  File "/home/airflow/.local/lib/python3.10/site-packages/airflow/models/dagbag.py", line 346, in parse
    loader.exec_module(new_module)
  File "<frozen importlib._bootstrap_external>", line 883, in exec_module
  File "<frozen importlib._bootstrap>", line 241, in _call_with_frames_removed
  File "/opt/airflow/dags/twitter_love_dag.py", line 8, in <module>
    from minio import Minio
ModuleNotFoundError: No module named 'minio'
[2025-08-08T09:33:05.226+0000] {processor.py:842} WARNING - No viable dags retrieved from /opt/airflow/dags/twitter_love_dag.py
[2025-08-08T09:33:05.296+0000] {processor.py:183} INFO - Processing /opt/airflow/dags/twitter_love_dag.py took 0.992 seconds
[2025-08-08T09:33:35.963+0000] {processor.py:161} INFO - Started process (PID=75) to work on /opt/airflow/dags/twitter_love_dag.py
[2025-08-08T09:33:35.964+0000] {processor.py:830} INFO - Processing file /opt/airflow/dags/twitter_love_dag.py for tasks to queue
[2025-08-08T09:33:35.966+0000] {logging_mixin.py:188} INFO - [2025-08-08T09:33:35.966+0000] {dagbag.py:540} INFO - Filling up the DagBag from /opt/airflow/dags/twitter_love_dag.py
[2025-08-08T09:33:36.602+0000] {logging_mixin.py:188} INFO - [2025-08-08T09:33:36.595+0000] {dagbag.py:350} ERROR - Failed to import: /opt/airflow/dags/twitter_love_dag.py
Traceback (most recent call last):
  File "/home/airflow/.local/lib/python3.10/site-packages/airflow/models/dagbag.py", line 346, in parse
    loader.exec_module(new_module)
  File "<frozen importlib._bootstrap_external>", line 883, in exec_module
  File "<frozen importlib._bootstrap>", line 241, in _call_with_frames_removed
  File "/opt/airflow/dags/twitter_love_dag.py", line 8, in <module>
    from minio import Minio
ModuleNotFoundError: No module named 'minio'
[2025-08-08T09:33:36.604+0000] {processor.py:842} WARNING - No viable dags retrieved from /opt/airflow/dags/twitter_love_dag.py
[2025-08-08T09:33:36.659+0000] {processor.py:183} INFO - Processing /opt/airflow/dags/twitter_love_dag.py took 0.710 seconds
[2025-08-08T09:34:07.288+0000] {processor.py:161} INFO - Started process (PID=78) to work on /opt/airflow/dags/twitter_love_dag.py
[2025-08-08T09:34:07.290+0000] {processor.py:830} INFO - Processing file /opt/airflow/dags/twitter_love_dag.py for tasks to queue
[2025-08-08T09:34:07.294+0000] {logging_mixin.py:188} INFO - [2025-08-08T09:34:07.294+0000] {dagbag.py:540} INFO - Filling up the DagBag from /opt/airflow/dags/twitter_love_dag.py
[2025-08-08T09:34:11.627+0000] {logging_mixin.py:188} INFO - [2025-08-08T09:34:11.613+0000] {dagbag.py:350} ERROR - Failed to import: /opt/airflow/dags/twitter_love_dag.py
Traceback (most recent call last):
  File "/home/airflow/.local/lib/python3.10/site-packages/airflow/models/dagbag.py", line 346, in parse
    loader.exec_module(new_module)
  File "<frozen importlib._bootstrap_external>", line 883, in exec_module
  File "<frozen importlib._bootstrap>", line 241, in _call_with_frames_removed
  File "/opt/airflow/dags/twitter_love_dag.py", line 8, in <module>
    from minio import Minio
ModuleNotFoundError: No module named 'minio'
[2025-08-08T09:34:11.630+0000] {processor.py:842} WARNING - No viable dags retrieved from /opt/airflow/dags/twitter_love_dag.py
[2025-08-08T09:34:11.702+0000] {processor.py:183} INFO - Processing /opt/airflow/dags/twitter_love_dag.py took 4.439 seconds
[2025-08-08T09:34:42.388+0000] {processor.py:161} INFO - Started process (PID=81) to work on /opt/airflow/dags/twitter_love_dag.py
[2025-08-08T09:34:42.390+0000] {processor.py:830} INFO - Processing file /opt/airflow/dags/twitter_love_dag.py for tasks to queue
[2025-08-08T09:34:42.394+0000] {logging_mixin.py:188} INFO - [2025-08-08T09:34:42.394+0000] {dagbag.py:540} INFO - Filling up the DagBag from /opt/airflow/dags/twitter_love_dag.py
[2025-08-08T09:34:43.269+0000] {logging_mixin.py:188} INFO - [2025-08-08T09:34:43.260+0000] {dagbag.py:350} ERROR - Failed to import: /opt/airflow/dags/twitter_love_dag.py
Traceback (most recent call last):
  File "/home/airflow/.local/lib/python3.10/site-packages/airflow/models/dagbag.py", line 346, in parse
    loader.exec_module(new_module)
  File "<frozen importlib._bootstrap_external>", line 883, in exec_module
  File "<frozen importlib._bootstrap>", line 241, in _call_with_frames_removed
  File "/opt/airflow/dags/twitter_love_dag.py", line 8, in <module>
    from minio import Minio
ModuleNotFoundError: No module named 'minio'
[2025-08-08T09:34:43.272+0000] {processor.py:842} WARNING - No viable dags retrieved from /opt/airflow/dags/twitter_love_dag.py
[2025-08-08T09:34:43.364+0000] {processor.py:183} INFO - Processing /opt/airflow/dags/twitter_love_dag.py took 0.983 seconds
[2025-08-08T09:42:35.057+0000] {processor.py:161} INFO - Started process (PID=50) to work on /opt/airflow/dags/twitter_love_dag.py
[2025-08-08T09:42:35.063+0000] {processor.py:830} INFO - Processing file /opt/airflow/dags/twitter_love_dag.py for tasks to queue
[2025-08-08T09:42:35.081+0000] {logging_mixin.py:188} INFO - [2025-08-08T09:42:35.079+0000] {dagbag.py:540} INFO - Filling up the DagBag from /opt/airflow/dags/twitter_love_dag.py
[2025-08-08T09:42:41.190+0000] {processor.py:840} INFO - DAG(s) 'twitter_love_dag' retrieved from /opt/airflow/dags/twitter_love_dag.py
[2025-08-08T09:42:41.255+0000] {logging_mixin.py:188} INFO - [2025-08-08T09:42:41.254+0000] {dag.py:3096} INFO - Sync 1 DAGs
[2025-08-08T09:42:41.332+0000] {logging_mixin.py:188} INFO - [2025-08-08T09:42:41.331+0000] {dag.py:3954} INFO - Setting next_dagrun for twitter_love_dag to 2025-08-08 08:00:00+00:00, run_after=2025-08-08 09:00:00+00:00
[2025-08-08T09:42:41.431+0000] {processor.py:183} INFO - Processing /opt/airflow/dags/twitter_love_dag.py took 6.418 seconds
[2025-08-08T09:43:12.440+0000] {processor.py:161} INFO - Started process (PID=54) to work on /opt/airflow/dags/twitter_love_dag.py
[2025-08-08T09:43:12.444+0000] {processor.py:830} INFO - Processing file /opt/airflow/dags/twitter_love_dag.py for tasks to queue
[2025-08-08T09:43:12.456+0000] {logging_mixin.py:188} INFO - [2025-08-08T09:43:12.451+0000] {dagbag.py:540} INFO - Filling up the DagBag from /opt/airflow/dags/twitter_love_dag.py
[2025-08-08T09:43:18.718+0000] {processor.py:840} INFO - DAG(s) 'twitter_love_dag' retrieved from /opt/airflow/dags/twitter_love_dag.py
[2025-08-08T09:43:18.960+0000] {logging_mixin.py:188} INFO - [2025-08-08T09:43:18.960+0000] {dag.py:3096} INFO - Sync 1 DAGs
[2025-08-08T09:43:18.996+0000] {logging_mixin.py:188} INFO - [2025-08-08T09:43:18.996+0000] {dag.py:3954} INFO - Setting next_dagrun for twitter_love_dag to 2025-08-08 08:00:00+00:00, run_after=2025-08-08 09:00:00+00:00
[2025-08-08T09:43:19.035+0000] {processor.py:183} INFO - Processing /opt/airflow/dags/twitter_love_dag.py took 6.775 seconds
[2025-08-08T09:43:49.239+0000] {processor.py:161} INFO - Started process (PID=57) to work on /opt/airflow/dags/twitter_love_dag.py
[2025-08-08T09:43:49.276+0000] {processor.py:830} INFO - Processing file /opt/airflow/dags/twitter_love_dag.py for tasks to queue
[2025-08-08T09:43:49.282+0000] {logging_mixin.py:188} INFO - [2025-08-08T09:43:49.281+0000] {dagbag.py:540} INFO - Filling up the DagBag from /opt/airflow/dags/twitter_love_dag.py
[2025-08-08T09:44:00.140+0000] {processor.py:840} INFO - DAG(s) 'twitter_love_dag' retrieved from /opt/airflow/dags/twitter_love_dag.py
[2025-08-08T09:44:00.342+0000] {logging_mixin.py:188} INFO - [2025-08-08T09:44:00.341+0000] {dag.py:3096} INFO - Sync 1 DAGs
[2025-08-08T09:44:00.411+0000] {logging_mixin.py:188} INFO - [2025-08-08T09:44:00.410+0000] {dag.py:3954} INFO - Setting next_dagrun for twitter_love_dag to 2025-08-08 08:00:00+00:00, run_after=2025-08-08 09:00:00+00:00
[2025-08-08T09:44:00.463+0000] {processor.py:183} INFO - Processing /opt/airflow/dags/twitter_love_dag.py took 11.256 seconds
[2025-08-08T09:44:31.160+0000] {processor.py:161} INFO - Started process (PID=60) to work on /opt/airflow/dags/twitter_love_dag.py
[2025-08-08T09:44:31.163+0000] {processor.py:830} INFO - Processing file /opt/airflow/dags/twitter_love_dag.py for tasks to queue
[2025-08-08T09:44:31.166+0000] {logging_mixin.py:188} INFO - [2025-08-08T09:44:31.165+0000] {dagbag.py:540} INFO - Filling up the DagBag from /opt/airflow/dags/twitter_love_dag.py
[2025-08-08T09:44:32.957+0000] {processor.py:840} INFO - DAG(s) 'twitter_love_dag' retrieved from /opt/airflow/dags/twitter_love_dag.py
[2025-08-08T09:44:32.986+0000] {logging_mixin.py:188} INFO - [2025-08-08T09:44:32.986+0000] {dag.py:3096} INFO - Sync 1 DAGs
[2025-08-08T09:44:33.010+0000] {logging_mixin.py:188} INFO - [2025-08-08T09:44:33.009+0000] {dag.py:3954} INFO - Setting next_dagrun for twitter_love_dag to 2025-08-08 09:00:00+00:00, run_after=2025-08-08 10:00:00+00:00
[2025-08-08T09:44:33.033+0000] {processor.py:183} INFO - Processing /opt/airflow/dags/twitter_love_dag.py took 1.886 seconds
[2025-08-08T09:45:03.600+0000] {processor.py:161} INFO - Started process (PID=63) to work on /opt/airflow/dags/twitter_love_dag.py
[2025-08-08T09:45:03.602+0000] {processor.py:830} INFO - Processing file /opt/airflow/dags/twitter_love_dag.py for tasks to queue
[2025-08-08T09:45:03.604+0000] {logging_mixin.py:188} INFO - [2025-08-08T09:45:03.604+0000] {dagbag.py:540} INFO - Filling up the DagBag from /opt/airflow/dags/twitter_love_dag.py
[2025-08-08T09:45:04.416+0000] {processor.py:840} INFO - DAG(s) 'twitter_love_dag' retrieved from /opt/airflow/dags/twitter_love_dag.py
[2025-08-08T09:45:04.444+0000] {logging_mixin.py:188} INFO - [2025-08-08T09:45:04.443+0000] {dag.py:3096} INFO - Sync 1 DAGs
[2025-08-08T09:45:04.467+0000] {logging_mixin.py:188} INFO - [2025-08-08T09:45:04.466+0000] {dag.py:3954} INFO - Setting next_dagrun for twitter_love_dag to 2025-08-08 09:00:00+00:00, run_after=2025-08-08 10:00:00+00:00
[2025-08-08T09:45:04.499+0000] {processor.py:183} INFO - Processing /opt/airflow/dags/twitter_love_dag.py took 0.911 seconds
[2025-08-08T09:45:35.442+0000] {processor.py:161} INFO - Started process (PID=66) to work on /opt/airflow/dags/twitter_love_dag.py
[2025-08-08T09:45:35.445+0000] {processor.py:830} INFO - Processing file /opt/airflow/dags/twitter_love_dag.py for tasks to queue
[2025-08-08T09:45:35.449+0000] {logging_mixin.py:188} INFO - [2025-08-08T09:45:35.448+0000] {dagbag.py:540} INFO - Filling up the DagBag from /opt/airflow/dags/twitter_love_dag.py
[2025-08-08T09:45:36.201+0000] {processor.py:840} INFO - DAG(s) 'twitter_love_dag' retrieved from /opt/airflow/dags/twitter_love_dag.py
[2025-08-08T09:45:36.225+0000] {logging_mixin.py:188} INFO - [2025-08-08T09:45:36.225+0000] {dag.py:3096} INFO - Sync 1 DAGs
[2025-08-08T09:45:36.247+0000] {logging_mixin.py:188} INFO - [2025-08-08T09:45:36.246+0000] {dag.py:3954} INFO - Setting next_dagrun for twitter_love_dag to 2025-08-08 09:00:00+00:00, run_after=2025-08-08 10:00:00+00:00
[2025-08-08T09:45:36.271+0000] {processor.py:183} INFO - Processing /opt/airflow/dags/twitter_love_dag.py took 0.839 seconds
[2025-08-08T09:46:06.924+0000] {processor.py:161} INFO - Started process (PID=69) to work on /opt/airflow/dags/twitter_love_dag.py
[2025-08-08T09:46:06.927+0000] {processor.py:830} INFO - Processing file /opt/airflow/dags/twitter_love_dag.py for tasks to queue
[2025-08-08T09:46:06.931+0000] {logging_mixin.py:188} INFO - [2025-08-08T09:46:06.930+0000] {dagbag.py:540} INFO - Filling up the DagBag from /opt/airflow/dags/twitter_love_dag.py
[2025-08-08T09:46:08.065+0000] {processor.py:840} INFO - DAG(s) 'twitter_love_dag' retrieved from /opt/airflow/dags/twitter_love_dag.py
[2025-08-08T09:46:08.131+0000] {logging_mixin.py:188} INFO - [2025-08-08T09:46:08.130+0000] {dag.py:3096} INFO - Sync 1 DAGs
[2025-08-08T09:46:08.172+0000] {logging_mixin.py:188} INFO - [2025-08-08T09:46:08.171+0000] {dag.py:3954} INFO - Setting next_dagrun for twitter_love_dag to 2025-08-08 09:00:00+00:00, run_after=2025-08-08 10:00:00+00:00
[2025-08-08T09:46:08.225+0000] {processor.py:183} INFO - Processing /opt/airflow/dags/twitter_love_dag.py took 1.331 seconds
[2025-08-08T09:46:38.339+0000] {processor.py:161} INFO - Started process (PID=72) to work on /opt/airflow/dags/twitter_love_dag.py
[2025-08-08T09:46:38.340+0000] {processor.py:830} INFO - Processing file /opt/airflow/dags/twitter_love_dag.py for tasks to queue
[2025-08-08T09:46:38.342+0000] {logging_mixin.py:188} INFO - [2025-08-08T09:46:38.342+0000] {dagbag.py:540} INFO - Filling up the DagBag from /opt/airflow/dags/twitter_love_dag.py
[2025-08-08T09:46:39.466+0000] {processor.py:840} INFO - DAG(s) 'twitter_love_dag' retrieved from /opt/airflow/dags/twitter_love_dag.py
[2025-08-08T09:46:39.530+0000] {logging_mixin.py:188} INFO - [2025-08-08T09:46:39.529+0000] {dag.py:3096} INFO - Sync 1 DAGs
[2025-08-08T09:46:39.560+0000] {logging_mixin.py:188} INFO - [2025-08-08T09:46:39.560+0000] {dag.py:3954} INFO - Setting next_dagrun for twitter_love_dag to 2025-08-08 09:00:00+00:00, run_after=2025-08-08 10:00:00+00:00
[2025-08-08T09:46:39.591+0000] {processor.py:183} INFO - Processing /opt/airflow/dags/twitter_love_dag.py took 1.266 seconds
[2025-08-08T09:47:09.729+0000] {processor.py:161} INFO - Started process (PID=75) to work on /opt/airflow/dags/twitter_love_dag.py
[2025-08-08T09:47:09.731+0000] {processor.py:830} INFO - Processing file /opt/airflow/dags/twitter_love_dag.py for tasks to queue
[2025-08-08T09:47:09.733+0000] {logging_mixin.py:188} INFO - [2025-08-08T09:47:09.733+0000] {dagbag.py:540} INFO - Filling up the DagBag from /opt/airflow/dags/twitter_love_dag.py
[2025-08-08T09:47:10.248+0000] {processor.py:840} INFO - DAG(s) 'twitter_love_dag' retrieved from /opt/airflow/dags/twitter_love_dag.py
[2025-08-08T09:47:10.296+0000] {logging_mixin.py:188} INFO - [2025-08-08T09:47:10.296+0000] {dag.py:3096} INFO - Sync 1 DAGs
[2025-08-08T09:47:10.321+0000] {logging_mixin.py:188} INFO - [2025-08-08T09:47:10.320+0000] {dag.py:3954} INFO - Setting next_dagrun for twitter_love_dag to 2025-08-08 09:00:00+00:00, run_after=2025-08-08 10:00:00+00:00
[2025-08-08T09:47:10.352+0000] {processor.py:183} INFO - Processing /opt/airflow/dags/twitter_love_dag.py took 0.633 seconds
[2025-08-08T09:47:40.897+0000] {processor.py:161} INFO - Started process (PID=78) to work on /opt/airflow/dags/twitter_love_dag.py
[2025-08-08T09:47:40.898+0000] {processor.py:830} INFO - Processing file /opt/airflow/dags/twitter_love_dag.py for tasks to queue
[2025-08-08T09:47:40.901+0000] {logging_mixin.py:188} INFO - [2025-08-08T09:47:40.901+0000] {dagbag.py:540} INFO - Filling up the DagBag from /opt/airflow/dags/twitter_love_dag.py
[2025-08-08T09:47:42.538+0000] {processor.py:840} INFO - DAG(s) 'twitter_love_dag' retrieved from /opt/airflow/dags/twitter_love_dag.py
[2025-08-08T09:47:42.682+0000] {logging_mixin.py:188} INFO - [2025-08-08T09:47:42.681+0000] {dag.py:3096} INFO - Sync 1 DAGs
[2025-08-08T09:47:42.738+0000] {logging_mixin.py:188} INFO - [2025-08-08T09:47:42.737+0000] {dag.py:3954} INFO - Setting next_dagrun for twitter_love_dag to 2025-08-08 09:00:00+00:00, run_after=2025-08-08 10:00:00+00:00
[2025-08-08T09:47:42.788+0000] {processor.py:183} INFO - Processing /opt/airflow/dags/twitter_love_dag.py took 1.903 seconds
[2025-08-08T09:48:13.013+0000] {processor.py:161} INFO - Started process (PID=81) to work on /opt/airflow/dags/twitter_love_dag.py
[2025-08-08T09:48:13.015+0000] {processor.py:830} INFO - Processing file /opt/airflow/dags/twitter_love_dag.py for tasks to queue
[2025-08-08T09:48:13.020+0000] {logging_mixin.py:188} INFO - [2025-08-08T09:48:13.019+0000] {dagbag.py:540} INFO - Filling up the DagBag from /opt/airflow/dags/twitter_love_dag.py
[2025-08-08T09:48:15.127+0000] {processor.py:840} INFO - DAG(s) 'twitter_love_dag' retrieved from /opt/airflow/dags/twitter_love_dag.py
[2025-08-08T09:48:15.200+0000] {logging_mixin.py:188} INFO - [2025-08-08T09:48:15.200+0000] {dag.py:3096} INFO - Sync 1 DAGs
[2025-08-08T09:48:15.247+0000] {logging_mixin.py:188} INFO - [2025-08-08T09:48:15.247+0000] {dag.py:3954} INFO - Setting next_dagrun for twitter_love_dag to 2025-08-08 09:00:00+00:00, run_after=2025-08-08 10:00:00+00:00
[2025-08-08T09:48:15.287+0000] {processor.py:183} INFO - Processing /opt/airflow/dags/twitter_love_dag.py took 2.291 seconds
[2025-08-08T09:48:45.855+0000] {processor.py:161} INFO - Started process (PID=84) to work on /opt/airflow/dags/twitter_love_dag.py
[2025-08-08T09:48:45.859+0000] {processor.py:830} INFO - Processing file /opt/airflow/dags/twitter_love_dag.py for tasks to queue
[2025-08-08T09:48:45.863+0000] {logging_mixin.py:188} INFO - [2025-08-08T09:48:45.863+0000] {dagbag.py:540} INFO - Filling up the DagBag from /opt/airflow/dags/twitter_love_dag.py
[2025-08-08T09:48:47.238+0000] {processor.py:840} INFO - DAG(s) 'twitter_love_dag' retrieved from /opt/airflow/dags/twitter_love_dag.py
[2025-08-08T09:48:47.343+0000] {logging_mixin.py:188} INFO - [2025-08-08T09:48:47.342+0000] {dag.py:3096} INFO - Sync 1 DAGs
[2025-08-08T09:48:47.396+0000] {logging_mixin.py:188} INFO - [2025-08-08T09:48:47.396+0000] {dag.py:3954} INFO - Setting next_dagrun for twitter_love_dag to 2025-08-08 09:00:00+00:00, run_after=2025-08-08 10:00:00+00:00
[2025-08-08T09:48:47.449+0000] {processor.py:183} INFO - Processing /opt/airflow/dags/twitter_love_dag.py took 1.598 seconds
[2025-08-08T09:49:17.872+0000] {processor.py:161} INFO - Started process (PID=87) to work on /opt/airflow/dags/twitter_love_dag.py
[2025-08-08T09:49:17.876+0000] {processor.py:830} INFO - Processing file /opt/airflow/dags/twitter_love_dag.py for tasks to queue
[2025-08-08T09:49:17.884+0000] {logging_mixin.py:188} INFO - [2025-08-08T09:49:17.883+0000] {dagbag.py:540} INFO - Filling up the DagBag from /opt/airflow/dags/twitter_love_dag.py
[2025-08-08T09:49:19.445+0000] {processor.py:840} INFO - DAG(s) 'twitter_love_dag' retrieved from /opt/airflow/dags/twitter_love_dag.py
[2025-08-08T09:49:19.592+0000] {logging_mixin.py:188} INFO - [2025-08-08T09:49:19.591+0000] {dag.py:3096} INFO - Sync 1 DAGs
[2025-08-08T09:49:19.751+0000] {logging_mixin.py:188} INFO - [2025-08-08T09:49:19.751+0000] {dag.py:3954} INFO - Setting next_dagrun for twitter_love_dag to 2025-08-08 09:00:00+00:00, run_after=2025-08-08 10:00:00+00:00
[2025-08-08T09:49:19.803+0000] {processor.py:183} INFO - Processing /opt/airflow/dags/twitter_love_dag.py took 1.950 seconds
[2025-08-08T09:49:50.486+0000] {processor.py:161} INFO - Started process (PID=90) to work on /opt/airflow/dags/twitter_love_dag.py
[2025-08-08T09:49:50.489+0000] {processor.py:830} INFO - Processing file /opt/airflow/dags/twitter_love_dag.py for tasks to queue
[2025-08-08T09:49:50.492+0000] {logging_mixin.py:188} INFO - [2025-08-08T09:49:50.492+0000] {dagbag.py:540} INFO - Filling up the DagBag from /opt/airflow/dags/twitter_love_dag.py
[2025-08-08T09:49:51.453+0000] {processor.py:840} INFO - DAG(s) 'twitter_love_dag' retrieved from /opt/airflow/dags/twitter_love_dag.py
[2025-08-08T09:49:51.517+0000] {logging_mixin.py:188} INFO - [2025-08-08T09:49:51.516+0000] {dag.py:3096} INFO - Sync 1 DAGs
[2025-08-08T09:49:51.582+0000] {logging_mixin.py:188} INFO - [2025-08-08T09:49:51.582+0000] {dag.py:3954} INFO - Setting next_dagrun for twitter_love_dag to 2025-08-08 09:00:00+00:00, run_after=2025-08-08 10:00:00+00:00
[2025-08-08T09:49:51.628+0000] {processor.py:183} INFO - Processing /opt/airflow/dags/twitter_love_dag.py took 1.151 seconds
[2025-08-08T09:50:22.317+0000] {processor.py:161} INFO - Started process (PID=93) to work on /opt/airflow/dags/twitter_love_dag.py
[2025-08-08T09:50:22.319+0000] {processor.py:830} INFO - Processing file /opt/airflow/dags/twitter_love_dag.py for tasks to queue
[2025-08-08T09:50:22.330+0000] {logging_mixin.py:188} INFO - [2025-08-08T09:50:22.327+0000] {dagbag.py:540} INFO - Filling up the DagBag from /opt/airflow/dags/twitter_love_dag.py
[2025-08-08T09:50:23.824+0000] {processor.py:840} INFO - DAG(s) 'twitter_love_dag' retrieved from /opt/airflow/dags/twitter_love_dag.py
[2025-08-08T09:50:23.860+0000] {logging_mixin.py:188} INFO - [2025-08-08T09:50:23.860+0000] {dag.py:3096} INFO - Sync 1 DAGs
[2025-08-08T09:50:23.880+0000] {logging_mixin.py:188} INFO - [2025-08-08T09:50:23.880+0000] {dag.py:3954} INFO - Setting next_dagrun for twitter_love_dag to 2025-08-08 09:00:00+00:00, run_after=2025-08-08 10:00:00+00:00
[2025-08-08T09:50:23.909+0000] {processor.py:183} INFO - Processing /opt/airflow/dags/twitter_love_dag.py took 1.618 seconds
[2025-08-08T09:50:54.547+0000] {processor.py:161} INFO - Started process (PID=96) to work on /opt/airflow/dags/twitter_love_dag.py
[2025-08-08T09:50:54.548+0000] {processor.py:830} INFO - Processing file /opt/airflow/dags/twitter_love_dag.py for tasks to queue
[2025-08-08T09:50:54.552+0000] {logging_mixin.py:188} INFO - [2025-08-08T09:50:54.551+0000] {dagbag.py:540} INFO - Filling up the DagBag from /opt/airflow/dags/twitter_love_dag.py
[2025-08-08T09:50:55.259+0000] {processor.py:840} INFO - DAG(s) 'twitter_love_dag' retrieved from /opt/airflow/dags/twitter_love_dag.py
[2025-08-08T09:50:55.290+0000] {logging_mixin.py:188} INFO - [2025-08-08T09:50:55.288+0000] {dag.py:3096} INFO - Sync 1 DAGs
[2025-08-08T09:50:55.319+0000] {logging_mixin.py:188} INFO - [2025-08-08T09:50:55.319+0000] {dag.py:3954} INFO - Setting next_dagrun for twitter_love_dag to 2025-08-08 09:00:00+00:00, run_after=2025-08-08 10:00:00+00:00
[2025-08-08T09:50:55.350+0000] {processor.py:183} INFO - Processing /opt/airflow/dags/twitter_love_dag.py took 0.811 seconds
[2025-08-08T09:51:25.802+0000] {processor.py:161} INFO - Started process (PID=99) to work on /opt/airflow/dags/twitter_love_dag.py
[2025-08-08T09:51:25.803+0000] {processor.py:830} INFO - Processing file /opt/airflow/dags/twitter_love_dag.py for tasks to queue
[2025-08-08T09:51:25.805+0000] {logging_mixin.py:188} INFO - [2025-08-08T09:51:25.805+0000] {dagbag.py:540} INFO - Filling up the DagBag from /opt/airflow/dags/twitter_love_dag.py
[2025-08-08T09:51:26.315+0000] {processor.py:840} INFO - DAG(s) 'twitter_love_dag' retrieved from /opt/airflow/dags/twitter_love_dag.py
[2025-08-08T09:51:26.336+0000] {logging_mixin.py:188} INFO - [2025-08-08T09:51:26.335+0000] {dag.py:3096} INFO - Sync 1 DAGs
[2025-08-08T09:51:26.353+0000] {logging_mixin.py:188} INFO - [2025-08-08T09:51:26.353+0000] {dag.py:3954} INFO - Setting next_dagrun for twitter_love_dag to 2025-08-08 09:00:00+00:00, run_after=2025-08-08 10:00:00+00:00
[2025-08-08T09:51:26.376+0000] {processor.py:183} INFO - Processing /opt/airflow/dags/twitter_love_dag.py took 0.580 seconds
[2025-08-08T09:51:56.590+0000] {processor.py:161} INFO - Started process (PID=102) to work on /opt/airflow/dags/twitter_love_dag.py
[2025-08-08T09:51:56.592+0000] {processor.py:830} INFO - Processing file /opt/airflow/dags/twitter_love_dag.py for tasks to queue
[2025-08-08T09:51:56.598+0000] {logging_mixin.py:188} INFO - [2025-08-08T09:51:56.598+0000] {dagbag.py:540} INFO - Filling up the DagBag from /opt/airflow/dags/twitter_love_dag.py
[2025-08-08T09:51:58.200+0000] {processor.py:840} INFO - DAG(s) 'twitter_love_dag' retrieved from /opt/airflow/dags/twitter_love_dag.py
[2025-08-08T09:51:58.261+0000] {logging_mixin.py:188} INFO - [2025-08-08T09:51:58.260+0000] {dag.py:3096} INFO - Sync 1 DAGs
[2025-08-08T09:51:58.322+0000] {logging_mixin.py:188} INFO - [2025-08-08T09:51:58.321+0000] {dag.py:3954} INFO - Setting next_dagrun for twitter_love_dag to 2025-08-08 09:00:00+00:00, run_after=2025-08-08 10:00:00+00:00
[2025-08-08T09:51:58.367+0000] {processor.py:183} INFO - Processing /opt/airflow/dags/twitter_love_dag.py took 1.793 seconds
[2025-08-08T09:52:28.767+0000] {processor.py:161} INFO - Started process (PID=106) to work on /opt/airflow/dags/twitter_love_dag.py
[2025-08-08T09:52:28.769+0000] {processor.py:830} INFO - Processing file /opt/airflow/dags/twitter_love_dag.py for tasks to queue
[2025-08-08T09:52:28.772+0000] {logging_mixin.py:188} INFO - [2025-08-08T09:52:28.771+0000] {dagbag.py:540} INFO - Filling up the DagBag from /opt/airflow/dags/twitter_love_dag.py
[2025-08-08T09:52:29.657+0000] {processor.py:840} INFO - DAG(s) 'twitter_love_dag' retrieved from /opt/airflow/dags/twitter_love_dag.py
[2025-08-08T09:52:29.691+0000] {logging_mixin.py:188} INFO - [2025-08-08T09:52:29.691+0000] {dag.py:3096} INFO - Sync 1 DAGs
[2025-08-08T09:52:29.722+0000] {logging_mixin.py:188} INFO - [2025-08-08T09:52:29.722+0000] {dag.py:3954} INFO - Setting next_dagrun for twitter_love_dag to 2025-08-08 09:00:00+00:00, run_after=2025-08-08 10:00:00+00:00
[2025-08-08T09:52:29.757+0000] {processor.py:183} INFO - Processing /opt/airflow/dags/twitter_love_dag.py took 0.998 seconds
[2025-08-08T09:52:59.973+0000] {processor.py:161} INFO - Started process (PID=109) to work on /opt/airflow/dags/twitter_love_dag.py
[2025-08-08T09:52:59.975+0000] {processor.py:830} INFO - Processing file /opt/airflow/dags/twitter_love_dag.py for tasks to queue
[2025-08-08T09:52:59.976+0000] {logging_mixin.py:188} INFO - [2025-08-08T09:52:59.976+0000] {dagbag.py:540} INFO - Filling up the DagBag from /opt/airflow/dags/twitter_love_dag.py
[2025-08-08T09:53:00.552+0000] {processor.py:840} INFO - DAG(s) 'twitter_love_dag' retrieved from /opt/airflow/dags/twitter_love_dag.py
[2025-08-08T09:53:00.622+0000] {logging_mixin.py:188} INFO - [2025-08-08T09:53:00.621+0000] {dag.py:3096} INFO - Sync 1 DAGs
[2025-08-08T09:53:00.673+0000] {logging_mixin.py:188} INFO - [2025-08-08T09:53:00.673+0000] {dag.py:3954} INFO - Setting next_dagrun for twitter_love_dag to 2025-08-08 09:00:00+00:00, run_after=2025-08-08 10:00:00+00:00
[2025-08-08T09:53:00.711+0000] {processor.py:183} INFO - Processing /opt/airflow/dags/twitter_love_dag.py took 0.744 seconds
[2025-08-08T09:53:31.270+0000] {processor.py:161} INFO - Started process (PID=112) to work on /opt/airflow/dags/twitter_love_dag.py
[2025-08-08T09:53:31.274+0000] {processor.py:830} INFO - Processing file /opt/airflow/dags/twitter_love_dag.py for tasks to queue
[2025-08-08T09:53:31.278+0000] {logging_mixin.py:188} INFO - [2025-08-08T09:53:31.277+0000] {dagbag.py:540} INFO - Filling up the DagBag from /opt/airflow/dags/twitter_love_dag.py
[2025-08-08T09:53:31.868+0000] {processor.py:840} INFO - DAG(s) 'twitter_love_dag' retrieved from /opt/airflow/dags/twitter_love_dag.py
[2025-08-08T09:53:31.893+0000] {logging_mixin.py:188} INFO - [2025-08-08T09:53:31.893+0000] {dag.py:3096} INFO - Sync 1 DAGs
[2025-08-08T09:53:31.911+0000] {logging_mixin.py:188} INFO - [2025-08-08T09:53:31.911+0000] {dag.py:3954} INFO - Setting next_dagrun for twitter_love_dag to 2025-08-08 09:00:00+00:00, run_after=2025-08-08 10:00:00+00:00
[2025-08-08T09:53:31.934+0000] {processor.py:183} INFO - Processing /opt/airflow/dags/twitter_love_dag.py took 0.674 seconds
[2025-08-08T09:54:02.664+0000] {processor.py:161} INFO - Started process (PID=115) to work on /opt/airflow/dags/twitter_love_dag.py
[2025-08-08T09:54:02.666+0000] {processor.py:830} INFO - Processing file /opt/airflow/dags/twitter_love_dag.py for tasks to queue
[2025-08-08T09:54:02.669+0000] {logging_mixin.py:188} INFO - [2025-08-08T09:54:02.668+0000] {dagbag.py:540} INFO - Filling up the DagBag from /opt/airflow/dags/twitter_love_dag.py
[2025-08-08T09:54:03.177+0000] {processor.py:840} INFO - DAG(s) 'twitter_love_dag' retrieved from /opt/airflow/dags/twitter_love_dag.py
[2025-08-08T09:54:03.209+0000] {logging_mixin.py:188} INFO - [2025-08-08T09:54:03.208+0000] {dag.py:3096} INFO - Sync 1 DAGs
[2025-08-08T09:54:03.234+0000] {logging_mixin.py:188} INFO - [2025-08-08T09:54:03.234+0000] {dag.py:3954} INFO - Setting next_dagrun for twitter_love_dag to 2025-08-08 09:00:00+00:00, run_after=2025-08-08 10:00:00+00:00
[2025-08-08T09:54:03.263+0000] {processor.py:183} INFO - Processing /opt/airflow/dags/twitter_love_dag.py took 0.608 seconds
[2025-08-08T09:54:33.376+0000] {processor.py:161} INFO - Started process (PID=118) to work on /opt/airflow/dags/twitter_love_dag.py
[2025-08-08T09:54:33.378+0000] {processor.py:830} INFO - Processing file /opt/airflow/dags/twitter_love_dag.py for tasks to queue
[2025-08-08T09:54:33.381+0000] {logging_mixin.py:188} INFO - [2025-08-08T09:54:33.380+0000] {dagbag.py:540} INFO - Filling up the DagBag from /opt/airflow/dags/twitter_love_dag.py
[2025-08-08T09:54:34.141+0000] {processor.py:840} INFO - DAG(s) 'twitter_love_dag' retrieved from /opt/airflow/dags/twitter_love_dag.py
[2025-08-08T09:54:34.195+0000] {logging_mixin.py:188} INFO - [2025-08-08T09:54:34.195+0000] {dag.py:3096} INFO - Sync 1 DAGs
[2025-08-08T09:54:34.221+0000] {logging_mixin.py:188} INFO - [2025-08-08T09:54:34.220+0000] {dag.py:3954} INFO - Setting next_dagrun for twitter_love_dag to 2025-08-08 09:00:00+00:00, run_after=2025-08-08 10:00:00+00:00
[2025-08-08T09:54:34.247+0000] {processor.py:183} INFO - Processing /opt/airflow/dags/twitter_love_dag.py took 0.882 seconds
[2025-08-08T09:55:04.698+0000] {processor.py:161} INFO - Started process (PID=121) to work on /opt/airflow/dags/twitter_love_dag.py
[2025-08-08T09:55:04.699+0000] {processor.py:830} INFO - Processing file /opt/airflow/dags/twitter_love_dag.py for tasks to queue
[2025-08-08T09:55:04.702+0000] {logging_mixin.py:188} INFO - [2025-08-08T09:55:04.702+0000] {dagbag.py:540} INFO - Filling up the DagBag from /opt/airflow/dags/twitter_love_dag.py
[2025-08-08T09:55:05.249+0000] {processor.py:840} INFO - DAG(s) 'twitter_love_dag' retrieved from /opt/airflow/dags/twitter_love_dag.py
[2025-08-08T09:55:05.273+0000] {logging_mixin.py:188} INFO - [2025-08-08T09:55:05.273+0000] {dag.py:3096} INFO - Sync 1 DAGs
[2025-08-08T09:55:05.291+0000] {logging_mixin.py:188} INFO - [2025-08-08T09:55:05.291+0000] {dag.py:3954} INFO - Setting next_dagrun for twitter_love_dag to 2025-08-08 09:00:00+00:00, run_after=2025-08-08 10:00:00+00:00
[2025-08-08T09:55:05.325+0000] {processor.py:183} INFO - Processing /opt/airflow/dags/twitter_love_dag.py took 0.636 seconds
[2025-08-08T09:55:35.477+0000] {processor.py:161} INFO - Started process (PID=124) to work on /opt/airflow/dags/twitter_love_dag.py
[2025-08-08T09:55:35.486+0000] {processor.py:830} INFO - Processing file /opt/airflow/dags/twitter_love_dag.py for tasks to queue
[2025-08-08T09:55:35.506+0000] {logging_mixin.py:188} INFO - [2025-08-08T09:55:35.506+0000] {dagbag.py:540} INFO - Filling up the DagBag from /opt/airflow/dags/twitter_love_dag.py
[2025-08-08T09:55:36.319+0000] {processor.py:840} INFO - DAG(s) 'twitter_love_dag' retrieved from /opt/airflow/dags/twitter_love_dag.py
[2025-08-08T09:55:36.343+0000] {logging_mixin.py:188} INFO - [2025-08-08T09:55:36.343+0000] {dag.py:3096} INFO - Sync 1 DAGs
[2025-08-08T09:55:36.364+0000] {logging_mixin.py:188} INFO - [2025-08-08T09:55:36.364+0000] {dag.py:3954} INFO - Setting next_dagrun for twitter_love_dag to 2025-08-08 09:00:00+00:00, run_after=2025-08-08 10:00:00+00:00
[2025-08-08T09:55:36.386+0000] {processor.py:183} INFO - Processing /opt/airflow/dags/twitter_love_dag.py took 0.916 seconds
[2025-08-08T09:56:06.826+0000] {processor.py:161} INFO - Started process (PID=127) to work on /opt/airflow/dags/twitter_love_dag.py
[2025-08-08T09:56:06.829+0000] {processor.py:830} INFO - Processing file /opt/airflow/dags/twitter_love_dag.py for tasks to queue
[2025-08-08T09:56:06.831+0000] {logging_mixin.py:188} INFO - [2025-08-08T09:56:06.831+0000] {dagbag.py:540} INFO - Filling up the DagBag from /opt/airflow/dags/twitter_love_dag.py
[2025-08-08T09:56:08.799+0000] {processor.py:840} INFO - DAG(s) 'twitter_love_dag' retrieved from /opt/airflow/dags/twitter_love_dag.py
[2025-08-08T09:56:08.954+0000] {logging_mixin.py:188} INFO - [2025-08-08T09:56:08.953+0000] {dag.py:3096} INFO - Sync 1 DAGs
[2025-08-08T09:56:09.002+0000] {logging_mixin.py:188} INFO - [2025-08-08T09:56:09.002+0000] {dag.py:3954} INFO - Setting next_dagrun for twitter_love_dag to 2025-08-08 09:00:00+00:00, run_after=2025-08-08 10:00:00+00:00
[2025-08-08T09:56:09.028+0000] {processor.py:183} INFO - Processing /opt/airflow/dags/twitter_love_dag.py took 2.208 seconds
[2025-08-08T09:56:39.816+0000] {processor.py:161} INFO - Started process (PID=130) to work on /opt/airflow/dags/twitter_love_dag.py
[2025-08-08T09:56:39.818+0000] {processor.py:830} INFO - Processing file /opt/airflow/dags/twitter_love_dag.py for tasks to queue
[2025-08-08T09:56:39.822+0000] {logging_mixin.py:188} INFO - [2025-08-08T09:56:39.821+0000] {dagbag.py:540} INFO - Filling up the DagBag from /opt/airflow/dags/twitter_love_dag.py
[2025-08-08T09:56:41.850+0000] {processor.py:840} INFO - DAG(s) 'twitter_love_dag' retrieved from /opt/airflow/dags/twitter_love_dag.py
[2025-08-08T09:56:41.892+0000] {logging_mixin.py:188} INFO - [2025-08-08T09:56:41.891+0000] {dag.py:3096} INFO - Sync 1 DAGs
[2025-08-08T09:56:41.916+0000] {logging_mixin.py:188} INFO - [2025-08-08T09:56:41.916+0000] {dag.py:3954} INFO - Setting next_dagrun for twitter_love_dag to 2025-08-08 09:00:00+00:00, run_after=2025-08-08 10:00:00+00:00
[2025-08-08T09:56:41.945+0000] {processor.py:183} INFO - Processing /opt/airflow/dags/twitter_love_dag.py took 2.136 seconds
[2025-08-08T09:57:12.494+0000] {processor.py:161} INFO - Started process (PID=133) to work on /opt/airflow/dags/twitter_love_dag.py
[2025-08-08T09:57:12.497+0000] {processor.py:830} INFO - Processing file /opt/airflow/dags/twitter_love_dag.py for tasks to queue
[2025-08-08T09:57:12.499+0000] {logging_mixin.py:188} INFO - [2025-08-08T09:57:12.499+0000] {dagbag.py:540} INFO - Filling up the DagBag from /opt/airflow/dags/twitter_love_dag.py
[2025-08-08T09:57:13.056+0000] {processor.py:840} INFO - DAG(s) 'twitter_love_dag' retrieved from /opt/airflow/dags/twitter_love_dag.py
[2025-08-08T09:57:13.086+0000] {logging_mixin.py:188} INFO - [2025-08-08T09:57:13.086+0000] {dag.py:3096} INFO - Sync 1 DAGs
[2025-08-08T09:57:13.105+0000] {logging_mixin.py:188} INFO - [2025-08-08T09:57:13.105+0000] {dag.py:3954} INFO - Setting next_dagrun for twitter_love_dag to 2025-08-08 09:00:00+00:00, run_after=2025-08-08 10:00:00+00:00
[2025-08-08T09:57:13.124+0000] {processor.py:183} INFO - Processing /opt/airflow/dags/twitter_love_dag.py took 0.637 seconds
[2025-08-08T09:57:43.589+0000] {processor.py:161} INFO - Started process (PID=136) to work on /opt/airflow/dags/twitter_love_dag.py
[2025-08-08T09:57:43.591+0000] {processor.py:830} INFO - Processing file /opt/airflow/dags/twitter_love_dag.py for tasks to queue
[2025-08-08T09:57:43.593+0000] {logging_mixin.py:188} INFO - [2025-08-08T09:57:43.593+0000] {dagbag.py:540} INFO - Filling up the DagBag from /opt/airflow/dags/twitter_love_dag.py
[2025-08-08T09:57:44.165+0000] {processor.py:840} INFO - DAG(s) 'twitter_love_dag' retrieved from /opt/airflow/dags/twitter_love_dag.py
[2025-08-08T09:57:44.194+0000] {logging_mixin.py:188} INFO - [2025-08-08T09:57:44.194+0000] {dag.py:3096} INFO - Sync 1 DAGs
[2025-08-08T09:57:44.214+0000] {logging_mixin.py:188} INFO - [2025-08-08T09:57:44.214+0000] {dag.py:3954} INFO - Setting next_dagrun for twitter_love_dag to 2025-08-08 09:00:00+00:00, run_after=2025-08-08 10:00:00+00:00
[2025-08-08T09:57:44.237+0000] {processor.py:183} INFO - Processing /opt/airflow/dags/twitter_love_dag.py took 0.656 seconds
[2025-08-08T09:58:14.334+0000] {processor.py:161} INFO - Started process (PID=139) to work on /opt/airflow/dags/twitter_love_dag.py
[2025-08-08T09:58:14.335+0000] {processor.py:830} INFO - Processing file /opt/airflow/dags/twitter_love_dag.py for tasks to queue
[2025-08-08T09:58:14.337+0000] {logging_mixin.py:188} INFO - [2025-08-08T09:58:14.337+0000] {dagbag.py:540} INFO - Filling up the DagBag from /opt/airflow/dags/twitter_love_dag.py
[2025-08-08T09:58:14.924+0000] {processor.py:840} INFO - DAG(s) 'twitter_love_dag' retrieved from /opt/airflow/dags/twitter_love_dag.py
[2025-08-08T09:58:14.955+0000] {logging_mixin.py:188} INFO - [2025-08-08T09:58:14.954+0000] {dag.py:3096} INFO - Sync 1 DAGs
[2025-08-08T09:58:14.981+0000] {logging_mixin.py:188} INFO - [2025-08-08T09:58:14.979+0000] {dag.py:3954} INFO - Setting next_dagrun for twitter_love_dag to 2025-08-08 09:00:00+00:00, run_after=2025-08-08 10:00:00+00:00
[2025-08-08T09:58:15.005+0000] {processor.py:183} INFO - Processing /opt/airflow/dags/twitter_love_dag.py took 0.679 seconds
[2025-08-08T09:58:45.602+0000] {processor.py:161} INFO - Started process (PID=142) to work on /opt/airflow/dags/twitter_love_dag.py
[2025-08-08T09:58:45.604+0000] {processor.py:830} INFO - Processing file /opt/airflow/dags/twitter_love_dag.py for tasks to queue
[2025-08-08T09:58:45.607+0000] {logging_mixin.py:188} INFO - [2025-08-08T09:58:45.607+0000] {dagbag.py:540} INFO - Filling up the DagBag from /opt/airflow/dags/twitter_love_dag.py
[2025-08-08T09:58:46.727+0000] {processor.py:840} INFO - DAG(s) 'twitter_love_dag' retrieved from /opt/airflow/dags/twitter_love_dag.py
[2025-08-08T09:58:46.770+0000] {logging_mixin.py:188} INFO - [2025-08-08T09:58:46.770+0000] {dag.py:3096} INFO - Sync 1 DAGs
[2025-08-08T09:58:46.803+0000] {logging_mixin.py:188} INFO - [2025-08-08T09:58:46.803+0000] {dag.py:3954} INFO - Setting next_dagrun for twitter_love_dag to 2025-08-08 09:00:00+00:00, run_after=2025-08-08 10:00:00+00:00
[2025-08-08T09:58:46.836+0000] {processor.py:183} INFO - Processing /opt/airflow/dags/twitter_love_dag.py took 1.241 seconds
[2025-08-08T09:59:17.511+0000] {processor.py:161} INFO - Started process (PID=145) to work on /opt/airflow/dags/twitter_love_dag.py
[2025-08-08T09:59:17.516+0000] {processor.py:830} INFO - Processing file /opt/airflow/dags/twitter_love_dag.py for tasks to queue
[2025-08-08T09:59:17.523+0000] {logging_mixin.py:188} INFO - [2025-08-08T09:59:17.521+0000] {dagbag.py:540} INFO - Filling up the DagBag from /opt/airflow/dags/twitter_love_dag.py
[2025-08-08T09:59:20.778+0000] {processor.py:840} INFO - DAG(s) 'twitter_love_dag' retrieved from /opt/airflow/dags/twitter_love_dag.py
[2025-08-08T09:59:20.861+0000] {logging_mixin.py:188} INFO - [2025-08-08T09:59:20.860+0000] {dag.py:3096} INFO - Sync 1 DAGs
[2025-08-08T09:59:20.904+0000] {logging_mixin.py:188} INFO - [2025-08-08T09:59:20.903+0000] {dag.py:3954} INFO - Setting next_dagrun for twitter_love_dag to 2025-08-08 09:00:00+00:00, run_after=2025-08-08 10:00:00+00:00
[2025-08-08T09:59:20.936+0000] {processor.py:183} INFO - Processing /opt/airflow/dags/twitter_love_dag.py took 3.462 seconds
[2025-08-08T09:59:51.721+0000] {processor.py:161} INFO - Started process (PID=148) to work on /opt/airflow/dags/twitter_love_dag.py
[2025-08-08T09:59:51.724+0000] {processor.py:830} INFO - Processing file /opt/airflow/dags/twitter_love_dag.py for tasks to queue
[2025-08-08T09:59:51.727+0000] {logging_mixin.py:188} INFO - [2025-08-08T09:59:51.726+0000] {dagbag.py:540} INFO - Filling up the DagBag from /opt/airflow/dags/twitter_love_dag.py
[2025-08-08T09:59:52.593+0000] {processor.py:840} INFO - DAG(s) 'twitter_love_dag' retrieved from /opt/airflow/dags/twitter_love_dag.py
[2025-08-08T09:59:52.644+0000] {logging_mixin.py:188} INFO - [2025-08-08T09:59:52.644+0000] {dag.py:3096} INFO - Sync 1 DAGs
[2025-08-08T09:59:52.680+0000] {logging_mixin.py:188} INFO - [2025-08-08T09:59:52.680+0000] {dag.py:3954} INFO - Setting next_dagrun for twitter_love_dag to 2025-08-08 09:00:00+00:00, run_after=2025-08-08 10:00:00+00:00
[2025-08-08T09:59:52.709+0000] {processor.py:183} INFO - Processing /opt/airflow/dags/twitter_love_dag.py took 0.994 seconds
[2025-08-08T10:00:23.128+0000] {processor.py:161} INFO - Started process (PID=151) to work on /opt/airflow/dags/twitter_love_dag.py
[2025-08-08T10:00:23.131+0000] {processor.py:830} INFO - Processing file /opt/airflow/dags/twitter_love_dag.py for tasks to queue
[2025-08-08T10:00:23.176+0000] {logging_mixin.py:188} INFO - [2025-08-08T10:00:23.174+0000] {dagbag.py:540} INFO - Filling up the DagBag from /opt/airflow/dags/twitter_love_dag.py
[2025-08-08T10:00:25.316+0000] {processor.py:840} INFO - DAG(s) 'twitter_love_dag' retrieved from /opt/airflow/dags/twitter_love_dag.py
[2025-08-08T10:00:25.343+0000] {logging_mixin.py:188} INFO - [2025-08-08T10:00:25.342+0000] {dag.py:3096} INFO - Sync 1 DAGs
[2025-08-08T10:00:25.361+0000] {logging_mixin.py:188} INFO - [2025-08-08T10:00:25.361+0000] {dag.py:3954} INFO - Setting next_dagrun for twitter_love_dag to 2025-08-08 10:00:00+00:00, run_after=2025-08-08 11:00:00+00:00
[2025-08-08T10:00:25.380+0000] {processor.py:183} INFO - Processing /opt/airflow/dags/twitter_love_dag.py took 2.310 seconds
[2025-08-08T10:00:56.309+0000] {processor.py:161} INFO - Started process (PID=154) to work on /opt/airflow/dags/twitter_love_dag.py
[2025-08-08T10:00:56.310+0000] {processor.py:830} INFO - Processing file /opt/airflow/dags/twitter_love_dag.py for tasks to queue
[2025-08-08T10:00:56.313+0000] {logging_mixin.py:188} INFO - [2025-08-08T10:00:56.312+0000] {dagbag.py:540} INFO - Filling up the DagBag from /opt/airflow/dags/twitter_love_dag.py
[2025-08-08T10:00:57.081+0000] {processor.py:840} INFO - DAG(s) 'twitter_love_dag' retrieved from /opt/airflow/dags/twitter_love_dag.py
[2025-08-08T10:00:57.109+0000] {logging_mixin.py:188} INFO - [2025-08-08T10:00:57.109+0000] {dag.py:3096} INFO - Sync 1 DAGs
[2025-08-08T10:00:57.132+0000] {logging_mixin.py:188} INFO - [2025-08-08T10:00:57.132+0000] {dag.py:3954} INFO - Setting next_dagrun for twitter_love_dag to 2025-08-08 10:00:00+00:00, run_after=2025-08-08 11:00:00+00:00
[2025-08-08T10:00:57.182+0000] {processor.py:183} INFO - Processing /opt/airflow/dags/twitter_love_dag.py took 0.879 seconds
[2025-08-08T10:01:27.823+0000] {processor.py:161} INFO - Started process (PID=157) to work on /opt/airflow/dags/twitter_love_dag.py
[2025-08-08T10:01:27.826+0000] {processor.py:830} INFO - Processing file /opt/airflow/dags/twitter_love_dag.py for tasks to queue
[2025-08-08T10:01:27.828+0000] {logging_mixin.py:188} INFO - [2025-08-08T10:01:27.827+0000] {dagbag.py:540} INFO - Filling up the DagBag from /opt/airflow/dags/twitter_love_dag.py
[2025-08-08T10:01:28.897+0000] {processor.py:840} INFO - DAG(s) 'twitter_love_dag' retrieved from /opt/airflow/dags/twitter_love_dag.py
[2025-08-08T10:01:28.923+0000] {logging_mixin.py:188} INFO - [2025-08-08T10:01:28.922+0000] {dag.py:3096} INFO - Sync 1 DAGs
[2025-08-08T10:01:28.943+0000] {logging_mixin.py:188} INFO - [2025-08-08T10:01:28.942+0000] {dag.py:3954} INFO - Setting next_dagrun for twitter_love_dag to 2025-08-08 10:00:00+00:00, run_after=2025-08-08 11:00:00+00:00
[2025-08-08T10:01:28.961+0000] {processor.py:183} INFO - Processing /opt/airflow/dags/twitter_love_dag.py took 1.146 seconds
[2025-08-08T10:01:59.480+0000] {processor.py:161} INFO - Started process (PID=160) to work on /opt/airflow/dags/twitter_love_dag.py
[2025-08-08T10:01:59.483+0000] {processor.py:830} INFO - Processing file /opt/airflow/dags/twitter_love_dag.py for tasks to queue
[2025-08-08T10:01:59.485+0000] {logging_mixin.py:188} INFO - [2025-08-08T10:01:59.485+0000] {dagbag.py:540} INFO - Filling up the DagBag from /opt/airflow/dags/twitter_love_dag.py
[2025-08-08T10:02:00.220+0000] {processor.py:840} INFO - DAG(s) 'twitter_love_dag' retrieved from /opt/airflow/dags/twitter_love_dag.py
[2025-08-08T10:02:00.274+0000] {logging_mixin.py:188} INFO - [2025-08-08T10:02:00.273+0000] {dag.py:3096} INFO - Sync 1 DAGs
[2025-08-08T10:02:00.320+0000] {logging_mixin.py:188} INFO - [2025-08-08T10:02:00.320+0000] {dag.py:3954} INFO - Setting next_dagrun for twitter_love_dag to 2025-08-08 10:00:00+00:00, run_after=2025-08-08 11:00:00+00:00
[2025-08-08T10:02:00.357+0000] {processor.py:183} INFO - Processing /opt/airflow/dags/twitter_love_dag.py took 0.886 seconds
[2025-08-08T10:02:31.394+0000] {processor.py:161} INFO - Started process (PID=163) to work on /opt/airflow/dags/twitter_love_dag.py
[2025-08-08T10:02:31.401+0000] {processor.py:830} INFO - Processing file /opt/airflow/dags/twitter_love_dag.py for tasks to queue
[2025-08-08T10:02:31.420+0000] {logging_mixin.py:188} INFO - [2025-08-08T10:02:31.416+0000] {dagbag.py:540} INFO - Filling up the DagBag from /opt/airflow/dags/twitter_love_dag.py
[2025-08-08T10:02:33.480+0000] {processor.py:840} INFO - DAG(s) 'twitter_love_dag' retrieved from /opt/airflow/dags/twitter_love_dag.py
[2025-08-08T10:02:33.621+0000] {logging_mixin.py:188} INFO - [2025-08-08T10:02:33.621+0000] {dag.py:3096} INFO - Sync 1 DAGs
[2025-08-08T10:02:33.657+0000] {logging_mixin.py:188} INFO - [2025-08-08T10:02:33.656+0000] {dag.py:3954} INFO - Setting next_dagrun for twitter_love_dag to 2025-08-08 10:00:00+00:00, run_after=2025-08-08 11:00:00+00:00
[2025-08-08T10:02:33.696+0000] {processor.py:183} INFO - Processing /opt/airflow/dags/twitter_love_dag.py took 2.398 seconds
